<?xml version="1.0" encoding="UTF-8"?>
<!-- Generated by org.testng.reporters.JUnitXMLReporter -->
<testsuite hostname="DESKTOP-AAHJ9PH" name="Go.Deskera Sign Up test" tests="1" failures="0" timestamp="23 May 2020 18:10:35 GMT" time="0.025" errors="0">
  <testcase name="@BeforeSuite setup" time="0.0" classname="deskera.web.automation.tests.SignUpTest">
    <failure type="org.testng.TestNGException" message="
Parameter &amp;apos;testRunId&amp;apos; is required by @Configuration on method setup but has not been marked @Optional or defined
in C:\Users\krawler\web-automation-java\GODeskera_BVT.xml">
      <![CDATA[org.testng.TestNGException: 
Parameter 'testRunId' is required by @Configuration on method setup but has not been marked @Optional or defined
in C:\Users\krawler\web-automation-java\GODeskera_BVT.xml
... Removed 15 stack frames]]>
    </failure>
  </testcase> <!-- @BeforeSuite setup -->
  <testcase name="@BeforeClass getConf" time="0.0" classname="deskera.web.automation.tests.SignUpTest">
    <skipped/>
  </testcase> <!-- @BeforeClass getConf -->
  <testcase name="testSignUpPage" time="0.002" classname="deskera.web.automation.tests.SignUpTest">
    <skipped/>
  </testcase> <!-- testSignUpPage -->
</testsuite> <!-- Go.Deskera Sign Up test -->
