<?xml version="1.0" encoding="UTF-8"?>
<testng-results skipped="1" failed="0" total="1" passed="0">
  <reporter-output>
  </reporter-output>
  <suite name="Go.Deskera Web BVT Suite" duration-ms="25" started-at="2020-05-23T18:42:11Z" finished-at="2020-05-23T18:42:11Z">
    <groups>
    </groups>
    <test name="Default test" duration-ms="25" started-at="2020-05-23T18:42:11Z" finished-at="2020-05-23T18:42:11Z">
      <class name="deskera.web.automation.tests.SignUpTest">
        <test-method status="FAIL" signature="setup(java.lang.String, java.lang.String, java.lang.String)[pri:0, instance:deskera.web.automation.tests.SignUpTest@25a65b77]" name="setup" is-config="true" duration-ms="0" started-at="2020-05-24T00:12:10Z" finished-at="2020-05-24T00:12:10Z">
          <exception class="org.testng.TestNGException">
            <message>
              <![CDATA[
Parameter 'testRunId' is required by @Configuration on method setup but has not been marked @Optional or defined
in C:\Users\krawler\AppData\Local\Temp\testng-eclipse-196622904\testng-customsuite.xml]]>
            </message>
            <full-stacktrace>
              <![CDATA[org.testng.TestNGException: 
Parameter 'testRunId' is required by @Configuration on method setup but has not been marked @Optional or defined
in C:\Users\krawler\AppData\Local\Temp\testng-eclipse-196622904\testng-customsuite.xml
	at org.testng.internal.Parameters.createParameters(Parameters.java:154)
	at org.testng.internal.Parameters.createParameters(Parameters.java:361)
	at org.testng.internal.Parameters.createConfigurationParameters(Parameters.java:84)
	at org.testng.internal.Invoker.invokeConfigurations(Invoker.java:201)
	at org.testng.internal.Invoker.invokeConfigurations(Invoker.java:142)
	at org.testng.SuiteRunner.privateRun(SuiteRunner.java:305)
	at org.testng.SuiteRunner.run(SuiteRunner.java:268)
	at org.testng.SuiteRunnerWorker.runSuite(SuiteRunnerWorker.java:52)
	at org.testng.SuiteRunnerWorker.run(SuiteRunnerWorker.java:86)
	at org.testng.TestNG.runSuitesSequentially(TestNG.java:1244)
	at org.testng.TestNG.runSuitesLocally(TestNG.java:1169)
	at org.testng.TestNG.run(TestNG.java:1064)
	at org.testng.remote.RemoteTestNG.run(RemoteTestNG.java:113)
	at org.testng.remote.RemoteTestNG.initAndRun(RemoteTestNG.java:206)
	at org.testng.remote.RemoteTestNG.main(RemoteTestNG.java:177)
]]>
            </full-stacktrace>
          </exception> <!-- org.testng.TestNGException -->
          <reporter-output>
          </reporter-output>
        </test-method> <!-- setup -->
        <test-method status="SKIP" signature="getConf(java.lang.String, java.lang.String)[pri:0, instance:deskera.web.automation.tests.SignUpTest@25a65b77]" name="getConf" is-config="true" duration-ms="0" started-at="2020-05-24T00:12:11Z" finished-at="2020-05-24T00:12:11Z">
          <reporter-output>
          </reporter-output>
        </test-method> <!-- getConf -->
        <test-method status="SKIP" signature="testSignUpPage()[pri:0, instance:deskera.web.automation.tests.SignUpTest@25a65b77]" name="testSignUpPage" duration-ms="2" started-at="2020-05-24T00:12:11Z" finished-at="2020-05-24T00:12:11Z">
          <reporter-output>
          </reporter-output>
        </test-method> <!-- testSignUpPage -->
        <test-method status="SKIP" signature="tearDown()[pri:0, instance:deskera.web.automation.tests.SignUpTest@25a65b77]" name="tearDown" is-config="true" duration-ms="0" started-at="2020-05-24T00:12:11Z" finished-at="2020-05-24T00:12:11Z">
          <reporter-output>
          </reporter-output>
        </test-method> <!-- tearDown -->
      </class> <!-- deskera.web.automation.tests.SignUpTest -->
    </test> <!-- Default test -->
  </suite> <!-- Go.Deskera Web BVT Suite -->
</testng-results>
